<?xml version="1.0" encoding="UTF-8" ?>
<testsuites>
 <testsuite name="TestCases/TC01_ReadPriceOfDesktop_script" package="Nopcommerce_FW.suite" timestamp="2024-01-30 16:06:46.322 +0530"
 tests="1"  failures="1" errors="1" time="183.501000">
  <properties>
   <property name="RunDate" value="2024-01-30 16:06:46.322 +0530"/>
   <property name="Status" value="Failure"/>
  </properties>
  <testcase name="TestCases/TC01_ReadPriceOfDesktop.script" assertions="1" status="error"  time="183.476">
    <failure type="FAILURE" message="Image Not Found: waitfor Error - Unable To Find Any Image On Screen &quot;(TEXT:&quot;Product(s)&quot;)&quot; within 50.00 seconds. Text not found. -- Execution Time 0:03:03 TestCases/TC01_ReadPriceOfDesktop.script" />
    <error type="Exception" message="Unable To Find Any Image On Screen &quot;(TEXT:&quot;Product(s)&quot;)&quot; within 50.00 seconds. Text not found." />
  </testcase>
 </testsuite>
</testsuites>
